[debug] [2020-08-06T06:14:08.631Z] ----------------------------------------------------------------------
[debug] [2020-08-06T06:14:08.635Z] Command:       C:\Program Files\nodejs\node.exe C:\Users\Reilly\AppData\Roaming\npm\node_modules\firebase-tools\lib\bin\firebase.js serve
[debug] [2020-08-06T06:14:08.635Z] CLI Version:   8.7.0
[debug] [2020-08-06T06:14:08.635Z] Platform:      win32
[debug] [2020-08-06T06:14:08.635Z] Node Version:  v12.16.3
[debug] [2020-08-06T06:14:08.638Z] Time:          Thu Aug 06 2020 09:14:08 GMT+0300 (East Africa Time)
[debug] [2020-08-06T06:14:08.638Z] ----------------------------------------------------------------------
[debug] [2020-08-06T06:14:08.638Z] 
[debug] [2020-08-06T06:14:08.653Z] > command requires scopes: ["email","openid","https://www.googleapis.com/auth/cloudplatformprojects.readonly","https://www.googleapis.com/auth/firebase","https://www.googleapis.com/auth/cloud-platform"]
[debug] [2020-08-06T06:14:08.654Z] > authorizing via signed-in user
[debug] [2020-08-06T06:14:08.655Z] [iam] checking project shopping-list-d33a8 for permissions ["firebase.projects.get"]
[debug] [2020-08-06T06:14:08.662Z] >>> HTTP REQUEST POST https://cloudresourcemanager.googleapis.com/v1/projects/shopping-list-d33a8:testIamPermissions  
 {"permissions":["firebase.projects.get"]}
[debug] [2020-08-06T06:14:10.578Z] <<< HTTP RESPONSE 200 {"content-type":"application/json; charset=UTF-8","vary":"X-Origin, Referer, Origin,Accept-Encoding","date":"Thu, 06 Aug 2020 06:14:11 GMT","server":"ESF","cache-control":"private","x-xss-protection":"0","x-frame-options":"SAMEORIGIN","x-content-type-options":"nosniff","server-timing":"gfet4t7; dur=1293","alt-svc":"h3-29=\":443\"; ma=2592000,h3-27=\":443\"; ma=2592000,h3-T050=\":443\"; ma=2592000,h3-Q050=\":443\"; ma=2592000,h3-Q046=\":443\"; ma=2592000,h3-Q043=\":443\"; ma=2592000,quic=\":443\"; ma=2592000; v=\"46,43\"","accept-ranges":"none","transfer-encoding":"chunked"}
[debug] [2020-08-06T06:14:10.579Z] >>> HTTP REQUEST GET https://firebase.googleapis.com/v1beta1/projects/shopping-list-d33a8  
 
[debug] [2020-08-06T06:14:11.283Z] <<< HTTP RESPONSE 200 {"content-type":"application/json; charset=UTF-8","vary":"X-Origin, Referer, Origin,Accept-Encoding","date":"Thu, 06 Aug 2020 06:14:11 GMT","server":"ESF","cache-control":"private","x-xss-protection":"0","x-frame-options":"SAMEORIGIN","x-content-type-options":"nosniff","alt-svc":"h3-29=\":443\"; ma=2592000,h3-27=\":443\"; ma=2592000,h3-T050=\":443\"; ma=2592000,h3-Q050=\":443\"; ma=2592000,h3-Q046=\":443\"; ma=2592000,h3-Q043=\":443\"; ma=2592000,quic=\":443\"; ma=2592000; v=\"46,43\"","accept-ranges":"none","transfer-encoding":"chunked"}
[info] 
[info] === Serving from 'C:\Users\Reilly\Desktop\Moringa\Group_project'...
[info] 
[warn] !  Your requested "node" version "10" doesn't match your global version "12" {"metadata":{"emulator":{"name":"functions"},"message":"Your requested \"node\" version \"10\" doesn't match your global version \"12\""}}
[info] i  functions: Watching "C:\Users\Reilly\Desktop\Moringa\Group_project\functions" for Cloud Functions... {"metadata":{"emulator":{"name":"functions"},"message":"Watching \"C:\\Users\\Reilly\\Desktop\\Moringa\\Group_project\\functions\" for Cloud Functions..."}}
[debug] [2020-08-06T06:14:13.343Z] [worker-pool] addWorker(~diagnostic~) {"metadata":{"emulator":{"name":"functions"},"message":"[worker-pool] addWorker(~diagnostic~)"}}
[debug] [2020-08-06T06:14:13.345Z] [worker-pool] Adding worker with key ~diagnostic~, total=1 {"metadata":{"emulator":{"name":"functions"},"message":"[worker-pool] Adding worker with key ~diagnostic~, total=1"}}
[debug] [2020-08-06T06:14:13.345Z] [worker-pool] submitWork(triggerId=) {"metadata":{"emulator":{"name":"functions"},"message":"[worker-pool] submitWork(triggerId=)"}}
[debug] [2020-08-06T06:14:13.346Z] [worker-~diagnostic~-8e7b1028-e237-471c-a187-feadb49cd095]: Assigning socketPath: \\?\pipe\C:\Users\Reilly\Desktop\Moringa\Group_project\functions\7632 {"metadata":{"emulator":{"name":"functions"},"message":"[worker-~diagnostic~-8e7b1028-e237-471c-a187-feadb49cd095]: Assigning socketPath: \\\\?\\pipe\\C:\\Users\\Reilly\\Desktop\\Moringa\\Group_project\\functions\\7632"}}
[debug] [2020-08-06T06:14:13.347Z] [worker-~diagnostic~-8e7b1028-e237-471c-a187-feadb49cd095]: BUSY {"metadata":{"emulator":{"name":"functions"},"message":"[worker-~diagnostic~-8e7b1028-e237-471c-a187-feadb49cd095]: BUSY"}}
[debug] [2020-08-06T06:14:14.246Z] [runtime-status] [7632] Functions runtime initialized. {"cwd":"C:\\Users\\Reilly\\Desktop\\Moringa\\Group_project\\functions","node_version":"12.16.3"} {"metadata":{"emulator":{"name":"functions"},"message":"[runtime-status] [7632] Functions runtime initialized. {\"cwd\":\"C:\\\\Users\\\\Reilly\\\\Desktop\\\\Moringa\\\\Group_project\\\\functions\",\"node_version\":\"12.16.3\"}"}}
[debug] [2020-08-06T06:14:14.255Z] [runtime-status] [7632] Disabled runtime features: undefined {"metadata":{"emulator":{"name":"functions"},"message":"[runtime-status] [7632] Disabled runtime features: undefined"}}
[debug] [2020-08-06T06:14:14.266Z] [runtime-status] [7632] Resolved module firebase-admin {"declared":true,"installed":true,"version":"8.13.0","resolution":"C:\\Users\\Reilly\\Desktop\\Moringa\\Group_project\\functions\\node_modules\\firebase-admin\\lib\\index.js"} {"metadata":{"emulator":{"name":"functions"},"message":"[runtime-status] [7632] Resolved module firebase-admin {\"declared\":true,\"installed\":true,\"version\":\"8.13.0\",\"resolution\":\"C:\\\\Users\\\\Reilly\\\\Desktop\\\\Moringa\\\\Group_project\\\\functions\\\\node_modules\\\\firebase-admin\\\\lib\\\\index.js\"}"}}
[debug] [2020-08-06T06:14:14.268Z] [runtime-status] [7632] Resolved module firebase-functions {"declared":true,"installed":true,"version":"3.9.0","resolution":"C:\\Users\\Reilly\\Desktop\\Moringa\\Group_project\\functions\\node_modules\\firebase-functions\\lib\\index.js"} {"metadata":{"emulator":{"name":"functions"},"message":"[runtime-status] [7632] Resolved module firebase-functions {\"declared\":true,\"installed\":true,\"version\":\"3.9.0\",\"resolution\":\"C:\\\\Users\\\\Reilly\\\\Desktop\\\\Moringa\\\\Group_project\\\\functions\\\\node_modules\\\\firebase-functions\\\\lib\\\\index.js\"}"}}
[debug] [2020-08-06T06:14:14.271Z] [runtime-status] [7632] Resolved module firebase-functions {"declared":true,"installed":true,"version":"3.9.0","resolution":"C:\\Users\\Reilly\\Desktop\\Moringa\\Group_project\\functions\\node_modules\\firebase-functions\\lib\\index.js"} {"metadata":{"emulator":{"name":"functions"},"message":"[runtime-status] [7632] Resolved module firebase-functions {\"declared\":true,\"installed\":true,\"version\":\"3.9.0\",\"resolution\":\"C:\\\\Users\\\\Reilly\\\\Desktop\\\\Moringa\\\\Group_project\\\\functions\\\\node_modules\\\\firebase-functions\\\\lib\\\\index.js\"}"}}
[debug] [2020-08-06T06:14:14.274Z] [runtime-status] [7632] Outgoing network have been stubbed. [{"name":"http","status":"mocked"},{"name":"http","status":"mocked"},{"name":"https","status":"mocked"},{"name":"https","status":"mocked"},{"name":"net","status":"mocked"}] {"metadata":{"emulator":{"name":"functions"},"message":"[runtime-status] [7632] Outgoing network have been stubbed. [{\"name\":\"http\",\"status\":\"mocked\"},{\"name\":\"http\",\"status\":\"mocked\"},{\"name\":\"https\",\"status\":\"mocked\"},{\"name\":\"https\",\"status\":\"mocked\"},{\"name\":\"net\",\"status\":\"mocked\"}]"}}
[debug] [2020-08-06T06:14:14.275Z] [runtime-status] [7632] Resolved module firebase-functions {"declared":true,"installed":true,"version":"3.9.0","resolution":"C:\\Users\\Reilly\\Desktop\\Moringa\\Group_project\\functions\\node_modules\\firebase-functions\\lib\\index.js"} {"metadata":{"emulator":{"name":"functions"},"message":"[runtime-status] [7632] Resolved module firebase-functions {\"declared\":true,\"installed\":true,\"version\":\"3.9.0\",\"resolution\":\"C:\\\\Users\\\\Reilly\\\\Desktop\\\\Moringa\\\\Group_project\\\\functions\\\\node_modules\\\\firebase-functions\\\\lib\\\\index.js\"}"}}
[debug] [2020-08-06T06:14:14.346Z] [runtime-status] [7632] Checked functions.config() {"config":{}} {"metadata":{"emulator":{"name":"functions"},"message":"[runtime-status] [7632] Checked functions.config() {\"config\":{}}"}}
[debug] [2020-08-06T06:14:14.347Z] [runtime-status] [7632] firebase-functions has been stubbed. {"functionsResolution":{"declared":true,"installed":true,"version":"3.9.0","resolution":"C:\\Users\\Reilly\\Desktop\\Moringa\\Group_project\\functions\\node_modules\\firebase-functions\\lib\\index.js"}} {"metadata":{"emulator":{"name":"functions"},"message":"[runtime-status] [7632] firebase-functions has been stubbed. {\"functionsResolution\":{\"declared\":true,\"installed\":true,\"version\":\"3.9.0\",\"resolution\":\"C:\\\\Users\\\\Reilly\\\\Desktop\\\\Moringa\\\\Group_project\\\\functions\\\\node_modules\\\\firebase-functions\\\\lib\\\\index.js\"}}"}}
[debug] [2020-08-06T06:14:14.347Z] [runtime-status] [7632] Resolved module firebase-functions {"declared":true,"installed":true,"version":"3.9.0","resolution":"C:\\Users\\Reilly\\Desktop\\Moringa\\Group_project\\functions\\node_modules\\firebase-functions\\lib\\index.js"} {"metadata":{"emulator":{"name":"functions"},"message":"[runtime-status] [7632] Resolved module firebase-functions {\"declared\":true,\"installed\":true,\"version\":\"3.9.0\",\"resolution\":\"C:\\\\Users\\\\Reilly\\\\Desktop\\\\Moringa\\\\Group_project\\\\functions\\\\node_modules\\\\firebase-functions\\\\lib\\\\index.js\"}"}}
[debug] [2020-08-06T06:14:14.349Z] [runtime-status] [7632] Resolved module firebase-admin {"declared":true,"installed":true,"version":"8.13.0","resolution":"C:\\Users\\Reilly\\Desktop\\Moringa\\Group_project\\functions\\node_modules\\firebase-admin\\lib\\index.js"} {"metadata":{"emulator":{"name":"functions"},"message":"[runtime-status] [7632] Resolved module firebase-admin {\"declared\":true,\"installed\":true,\"version\":\"8.13.0\",\"resolution\":\"C:\\\\Users\\\\Reilly\\\\Desktop\\\\Moringa\\\\Group_project\\\\functions\\\\node_modules\\\\firebase-admin\\\\lib\\\\index.js\"}"}}
[debug] [2020-08-06T06:14:14.351Z] [runtime-status] [7632] Resolved module firebase-functions {"declared":true,"installed":true,"version":"3.9.0","resolution":"C:\\Users\\Reilly\\Desktop\\Moringa\\Group_project\\functions\\node_modules\\firebase-functions\\lib\\index.js"} {"metadata":{"emulator":{"name":"functions"},"message":"[runtime-status] [7632] Resolved module firebase-functions {\"declared\":true,\"installed\":true,\"version\":\"3.9.0\",\"resolution\":\"C:\\\\Users\\\\Reilly\\\\Desktop\\\\Moringa\\\\Group_project\\\\functions\\\\node_modules\\\\firebase-functions\\\\lib\\\\index.js\"}"}}
[debug] [2020-08-06T06:14:14.351Z] [runtime-status] [7632] firebase-admin has been stubbed. {"adminResolution":{"declared":true,"installed":true,"version":"8.13.0","resolution":"C:\\Users\\Reilly\\Desktop\\Moringa\\Group_project\\functions\\node_modules\\firebase-admin\\lib\\index.js"}} {"metadata":{"emulator":{"name":"functions"},"message":"[runtime-status] [7632] firebase-admin has been stubbed. {\"adminResolution\":{\"declared\":true,\"installed\":true,\"version\":\"8.13.0\",\"resolution\":\"C:\\\\Users\\\\Reilly\\\\Desktop\\\\Moringa\\\\Group_project\\\\functions\\\\node_modules\\\\firebase-admin\\\\lib\\\\index.js\"}}"}}
[debug] [2020-08-06T06:14:14.355Z] [worker-~diagnostic~-8e7b1028-e237-471c-a187-feadb49cd095]: IDLE {"metadata":{"emulator":{"name":"functions"},"message":"[worker-~diagnostic~-8e7b1028-e237-471c-a187-feadb49cd095]: IDLE"}}
[debug] [2020-08-06T07:48:49.384Z] ----------------------------------------------------------------------
[debug] [2020-08-06T07:48:49.387Z] Command:       C:\Program Files\nodejs\node.exe C:\Users\Reilly\AppData\Roaming\npm\node_modules\firebase-tools\lib\bin\firebase.js serve signup.html
[debug] [2020-08-06T07:48:49.387Z] CLI Version:   8.7.0
[debug] [2020-08-06T07:48:49.387Z] Platform:      win32
[debug] [2020-08-06T07:48:49.387Z] Node Version:  v12.16.3
[debug] [2020-08-06T07:48:49.414Z] Time:          Thu Aug 06 2020 10:48:49 GMT+0300 (East Africa Time)
[debug] [2020-08-06T07:48:49.415Z] ----------------------------------------------------------------------
[debug] [2020-08-06T07:48:49.415Z] 
[error] 
[error] Error: Too many arguments. Run firebase help serve for usage instructions
